0 info it worked if it ends with ok
1 verbose cli [ '/home/susana/.nvm/v0.10.32/bin/node',
1 verbose cli   '/home/susana/.nvm/v0.10.32/bin/npm',
1 verbose cli   'install',
1 verbose cli   'lyft-api',
1 verbose cli   '--save' ]
2 info using npm@1.4.28
3 info using node@v0.10.32
4 warn package.json lyft-challenge@1.0.0 No description
5 warn package.json lyft-challenge@1.0.0 No repository field.
6 warn package.json lyft-challenge@1.0.0 No README data
7 verbose readDependencies using package.json deps
8 verbose cache add [ 'lyft-api', null ]
9 verbose cache add name=undefined spec="lyft-api" args=["lyft-api",null]
10 verbose parsed url { protocol: null,
10 verbose parsed url   slashes: null,
10 verbose parsed url   auth: null,
10 verbose parsed url   host: null,
10 verbose parsed url   port: null,
10 verbose parsed url   hostname: null,
10 verbose parsed url   hash: null,
10 verbose parsed url   search: null,
10 verbose parsed url   query: null,
10 verbose parsed url   pathname: 'lyft-api',
10 verbose parsed url   path: 'lyft-api',
10 verbose parsed url   href: 'lyft-api' }
11 silly lockFile e3388fc7-lyft-api lyft-api
12 verbose lock lyft-api /home/susana/.npm/e3388fc7-lyft-api.lock
13 silly lockFile e3388fc7-lyft-api lyft-api
14 silly lockFile e3388fc7-lyft-api lyft-api
15 verbose addNamed [ 'lyft-api', '' ]
16 verbose addNamed [ null, '*' ]
17 silly lockFile 438f6577-lyft-api lyft-api@
18 verbose lock lyft-api@ /home/susana/.npm/438f6577-lyft-api.lock
19 silly addNameRange { name: 'lyft-api', range: '*', hasData: false }
20 verbose request where is /lyft-api
21 verbose request registry https://registry.npmjs.org/
22 verbose request id a60853628bc01cf3
23 verbose url raw /lyft-api
24 verbose url resolving [ 'https://registry.npmjs.org/', './lyft-api' ]
25 verbose url resolved https://registry.npmjs.org/lyft-api
26 verbose request where is https://registry.npmjs.org/lyft-api
27 info trying registry request attempt 1 at 14:13:58
28 http GET https://registry.npmjs.org/lyft-api
29 http 404 https://registry.npmjs.org/lyft-api
30 silly registry.get cb [ 404,
30 silly registry.get   { 'content-type': 'application/json',
30 silly registry.get     'cache-control': 'max-age=0',
30 silly registry.get     'content-length': '2',
30 silly registry.get     'accept-ranges': 'bytes',
30 silly registry.get     date: 'Mon, 05 Dec 2016 17:14:00 GMT',
30 silly registry.get     via: '1.1 varnish',
30 silly registry.get     age: '0',
30 silly registry.get     connection: 'keep-alive',
30 silly registry.get     'x-served-by': 'cache-gru7126-GRU',
30 silly registry.get     'x-cache': 'MISS',
30 silly registry.get     'x-cache-hits': '0',
30 silly registry.get     'x-timer': 'S1480958039.534019,VS0,VE949',
30 silly registry.get     vary: 'Accept-Encoding' } ]
31 silly lockFile 438f6577-lyft-api lyft-api@
32 silly lockFile 438f6577-lyft-api lyft-api@
33 error 404 Not Found
33 error 404
33 error 404 'lyft-api' is not in the npm registry.
33 error 404 You should bug the author to publish it
33 error 404 It was specified as a dependency of 'lyft-challenge'
33 error 404
33 error 404 Note that you can also install from a
33 error 404 tarball, folder, or http url, or git url.
34 error System Linux 4.4.0-24-generic
35 error command "/home/susana/.nvm/v0.10.32/bin/node" "/home/susana/.nvm/v0.10.32/bin/npm" "install" "lyft-api" "--save"
36 error cwd /home/susana/Escritorio/Laboratoria/peru/lyft-challenge
37 error node -v v0.10.32
38 error npm -v 1.4.28
39 error code E404
40 verbose exit [ 1, true ]
